0.000000 0.000000 0.000000 0.000000
0.029463 -0.000000 0.000000 0.000000
0.058926 -0.000000 0.000000 0.000000
0.088388 -0.000000 0.000000 0.000000
0.117851 -0.000000 0.000000 0.000000
0.147314 -0.000000 0.000000 0.000000
0.176777 -0.000001 0.000000 0.000000
0.206239 -0.000001 0.000000 0.000000
0.235702 -0.000002 0.000000 0.000000
0.265165 -0.000002 0.000000 0.000000
0.294628 -0.000003 -0.000000 0.000000
0.324091 -0.000005 -0.000000 0.000000
0.353553 -0.000007 -0.000000 0.000000
0.383016 -0.000009 -0.000000 -0.000000
0.412479 -0.000013 -0.000000 -0.000000
0.441942 -0.000017 -0.000000 -0.000000
0.471405 -0.000023 -0.000000 -0.000000
0.500867 -0.000031 0.000000 -0.000000
0.530330 -0.000042 0.000000 -0.000000
0.559793 -0.000055 0.000000 -0.000000
0.589256 -0.000073 0.000000 -0.000000
0.618718 -0.000096 0.000000 -0.000000
0.648181 -0.000126 0.000000 0.000000
0.677644 -0.000165 0.000000 0.000000
0.707107 -0.000215 0.000000 0.000000
0.736570 -0.000278 0.000000 0.000000
0.766032 -0.000359 -0.000000 0.000000
0.795495 -0.000461 -0.000000 0.000000
0.824958 -0.000590 -0.000000 0.000000
0.854421 -0.000752 -0.000000 0.000000
0.883883 -0.000956 -0.000000 0.000000
0.913346 -0.001209 -0.000000 0.000000
0.942809 -0.001524 -0.000000 -0.000000
0.972272 -0.001914 -0.000000 -0.000000
1.001735 -0.002395 -0.000000 -0.000000
1.031197 -0.002985 -0.000000 -0.000000
1.060660 -0.003706 0.000000 -0.000000
1.090123 -0.004584 0.000000 -0.000000
1.119586 -0.005648 0.000000 -0.000000
1.149049 -0.006932 0.000000 -0.000000
1.178511 -0.008477 0.000000 -0.000000
1.207974 -0.010326 0.000000 0.000000
1.237437 -0.012530 -0.000000 0.000000
1.266900 -0.015147 -0.000000 0.000000
1.296362 -0.018240 -0.000000 0.000000
1.325825 -0.021879 -0.000000 -0.000000
1.355288 -0.026143 -0.000000 -0.000000
1.384751 -0.031118 -0.000000 -0.000000
1.414214 -0.036895 -0.000000 -0.000000
1.443676 -0.043575 -0.000000 -0.000000
1.473139 -0.051262 -0.000000 -0.000000
1.502602 -0.060069 -0.000000 -0.000000
1.532065 -0.070111 -0.000000 -0.000000
1.561527 -0.081508 -0.000000 -0.000000
1.590990 -0.094381 -0.000000 -0.000000
1.620453 -0.108851 -0.000000 -0.000000
1.649916 -0.125036 -0.000000 -0.000000
1.679379 -0.143047 -0.000000 0.000000
1.708841 -0.162989 -0.000000 0.000000
1.738304 -0.184953 -0.000000 0.000000
1.767767 -0.209014 -0.000000 0.000000
1.797230 -0.235228 0.000000 0.000000
1.826693 -0.263626 -0.000000 0.000000
1.856155 -0.294212 -0.000000 0.000000
1.885618 -0.326956 -0.000000 0.000000
1.915081 -0.361791 -0.000000 0.000000
1.944544 -0.398610 -0.000000 0.000000
1.974006 -0.437261 -0.000000 0.000000
2.003469 -0.477544 -0.000000 -0.000000
2.032932 -0.519210 -0.000000 -0.000000
2.062395 -0.561959 -0.000000 -0.000000
2.091858 -0.605436 -0.000000 -0.000000
2.121320 -0.649239 -0.000000 -0.000000
2.150783 -0.692911 -0.000000 -0.000000
2.180246 -0.735952 -0.000000 -0.000000
2.209709 -0.777818 -0.000000 -0.000000
2.239171 -0.817928 0.000000 -0.000000
2.268634 -0.855672 0.000000 0.000000
2.298097 -0.890418 -0.000000 0.000000
2.327560 -0.921523 -0.000000 0.000000
2.357023 -0.948344 -0.000000 0.000000
2.386485 -0.970249 -0.000000 0.000000
2.415948 -0.986630 -0.000000 0.000000
2.445411 -0.996916 -0.000000 0.000000
2.474874 -1.000584 -0.000000 -0.000000
2.504337 -0.997176 -0.000000 -0.000000
2.533799 -0.986308 -0.000000 -0.000000
2.563262 -0.967682 -0.000000 -0.000000
2.592725 -0.941096 0.000000 -0.000000
2.622188 -0.906456 0.000000 -0.000000
2.651650 -0.863778 0.000000 -0.000000
2.681113 -0.813194 0.000000 0.000000
2.710576 -0.754958 0.000000 0.000000
2.740039 -0.689441 0.000000 0.000000
2.769502 -0.617131 0.000000 0.000000
2.798964 -0.538627 0.000000 0.000000
2.828427 -0.454632 0.000000 0.000000
2.857890 -0.365941 -0.000000 0.000000
2.887353 -0.273431 -0.000000 0.000000
2.916815 -0.178045 -0.000000 0.000000
2.946278 -0.080775 -0.000000 -0.000000
2.975741 0.017352 -0.000000 -0.000000
3.005204 0.115295 -0.000000 0.000000
3.034667 0.212016 -0.000000 0.000000
3.064129 0.306498 -0.000000 0.000000
3.093592 0.397763 -0.000000 0.000000
3.123055 0.484891 0.000000 0.000000
3.152518 0.567033 0.000000 -0.000000
3.181981 0.643424 0.000000 -0.000000
3.211443 0.713397 0.000000 -0.000000
3.240906 0.776392 0.000000 -0.000000
3.270369 0.831961 0.000000 -0.000000
3.299832 0.879775 0.000000 -0.000000
3.329294 0.919623 0.000000 -0.000000
3.358757 0.951414 0.000000 -0.000000
3.388220 0.975171 -0.000000 -0.000000
3.417683 0.991029 -0.000000 -0.000000
3.447146 0.999223 -0.000000 -0.000000
3.476608 1.000084 -0.000000 0.000000
3.506071 0.994022 -0.000000 0.000000
3.535534 0.981521 -0.000000 0.000000
3.564997 0.963121 0.000000 0.000000
3.594459 0.939408 0.000000 0.000000
3.623922 0.911000 0.000000 0.000000
3.653385 0.878536 0.000000 0.000000
3.682848 0.842658 0.000000 0.000000
3.712311 0.804007 -0.000000 0.000000
3.741773 0.763208 -0.000000 0.000000
3.771236 0.720863 -0.000000 0.000000
3.800699 0.677538 -0.000000 -0.000000
3.830162 0.633765 -0.000000 -0.000000
3.859625 0.590028 -0.000000 -0.000000
3.889087 0.546764 -0.000000 -0.000000
3.918550 0.504360 -0.000000 -0.000000
3.948013 0.463151 0.000000 -0.000000
3.977476 0.423419 0.000000 -0.000000
4.006938 0.385395 0.000000 -0.000000
4.036401 0.349262 0.000000 0.000000
4.065864 0.315155 0.000000 0.000000
4.095327 0.283168 0.000000 0.000000
4.124790 0.253353 0.000000 0.000000
4.154252 0.225728 -0.000000 0.000000
4.183715 0.200280 -0.000000 0.000000
4.213178 0.176967 -0.000000 0.000000
4.242641 0.155727 -0.000000 0.000000
4.272103 0.136479 -0.000000 0.000000
4.301566 0.119125 0.000000 -0.000000
4.331029 0.103559 0.000000 -0.000000
4.360492 0.089667 0.000000 -0.000000
4.389955 0.077329 0.000000 -0.000000
4.419417 0.066424 0.000000 -0.000000
4.448880 0.056832 0.000000 -0.000000
4.478343 0.048434 0.000000 -0.000000
4.507806 0.041115 0.000000 -0.000000
4.537269 0.034766 0.000000 -0.000000
4.566731 0.029283 0.000000 0.000000
4.596194 0.024570 0.000000 0.000000
4.625657 0.020535 -0.000000 0.000000
4.655120 0.017098 -0.000000 0.000000
4.684582 0.014181 -0.000000 0.000000
4.714045 0.011717 -0.000000 0.000000
4.743508 0.009644 0.000000 0.000000
4.772971 0.007908 0.000000 0.000000
4.802434 0.006460 0.000000 0.000000
4.831896 0.005258 0.000000 -0.000000
4.861359 0.004263 0.000000 -0.000000
4.890822 0.003444 0.000000 -0.000000
4.920285 0.002772 -0.000000 -0.000000
4.949747 0.002223 -0.000000 -0.000000
4.979210 0.001776 -0.000000 -0.000000
5.008673 0.001414 -0.000000 -0.000000
5.038136 0.001122 -0.000000 -0.000000
5.067599 0.000888 -0.000000 -0.000000
5.097061 0.000700 -0.000000 -0.000000
5.126524 0.000550 -0.000000 0.000000
5.155987 0.000431 -0.000000 0.000000
5.185450 0.000337 0.000000 0.000000
5.214913 0.000263 0.000000 0.000000
5.244375 0.000205 0.000000 0.000000
5.273838 0.000159 0.000000 0.000000
5.303301 0.000124 0.000000 0.000000
5.332764 0.000097 0.000000 -0.000000
5.362226 0.000076 0.000000 -0.000000
5.391689 0.000059 -0.000000 -0.000000
5.421152 0.000047 -0.000000 -0.000000
5.450615 0.000037 -0.000000 -0.000000
5.480078 0.000030 -0.000000 -0.000000
5.509540 0.000025 -0.000000 -0.000000
5.539003 0.000020 -0.000000 -0.000000
5.568466 0.000017 -0.000000 -0.000000
5.597929 0.000015 -0.000000 -0.000000
5.627391 0.000013 -0.000000 -0.000000
5.656854 0.000012 0.000000 0.000000
5.686317 0.000011 0.000000 0.000000
5.715780 0.000011 0.000000 0.000000
5.745243 0.000010 0.000000 0.000000
5.774705 0.000010 0.000000 0.000000
5.804168 0.000009 0.000000 0.000000
5.833631 0.000009 0.000000 0.000000
5.863094 0.000009 -0.000000 0.000000
5.892557 0.000009 -0.000000 0.000000
5.922019 0.000009 -0.000000 0.000000
5.951482 0.000009 -0.000000 0.000000
5.980945 0.000009 -0.000000 0.000000
6.010408 0.000009 -0.000000 -0.000000
6.039870 0.000009 -0.000000 -0.000000
6.069333 0.000009 -0.000000 -0.000000
6.098796 0.000009 0.000000 -0.000000
6.128259 0.000009 0.000000 -0.000000
6.157722 0.000009 0.000000 -0.000000
6.187184 0.000009 -0.000000 -0.000000
6.216647 0.000009 -0.000000 -0.000000
6.246110 0.000009 -0.000000 0.000000
6.275573 0.000009 -0.000000 0.000000
6.305035 0.000009 -0.000000 0.000000
6.334498 0.000010 -0.000000 0.000000
6.363961 0.000010 -0.000000 0.000000
6.393424 0.000010 0.000000 0.000000
6.422887 0.000010 0.000000 0.000000
6.452349 0.000010 0.000000 0.000000
6.481812 0.000010 0.000000 0.000000
6.511275 0.000010 0.000000 -0.000000
6.540738 0.000010 0.000000 -0.000000
6.570201 0.000010 0.000000 -0.000000
6.599663 0.000010 0.000000 -0.000000
6.629126 0.000010 -0.000000 -0.000000
6.658589 0.000010 -0.000000 -0.000000
6.688052 0.000010 -0.000000 -0.000000
6.717514 0.000010 -0.000000 0.000000
6.746977 0.000010 -0.000000 0.000000
6.776440 0.000010 -0.000000 0.000000
6.805903 0.000010 -0.000000 0.000000
6.835366 0.000010 -0.000000 0.000000
6.864828 0.000010 0.000000 -0.000000
6.894291 0.000010 0.000000 -0.000000
6.923754 0.000010 0.000000 -0.000000
6.953217 0.000010 0.000000 -0.000000
6.982679 0.000010 0.000000 -0.000000
7.012142 0.000011 0.000000 -0.000000
7.041605 0.000011 0.000000 -0.000000
7.071068 0.000011 0.000000 0.000000
7.100531 0.000011 0.000000 0.000000
7.129993 0.000011 0.000000 0.000000
7.159456 0.000011 0.000000 -0.000000
7.188919 0.000011 -0.000000 -0.000000
7.218382 0.000011 -0.000000 -0.000000
7.247845 0.000011 -0.000000 -0.000000
7.277307 0.000011 -0.000000 -0.000000
7.306770 0.000011 -0.000000 -0.000000
7.336233 0.000011 -0.000000 -0.000000
7.365696 0.000011 -0.000000 0.000000
7.395158 0.000011 -0.000000 0.000000
7.424621 0.000011 -0.000000 0.000000
7.454084 0.000011 -0.000000 0.000000
7.483547 0.000011 -0.000000 0.000000
7.513010 0.000011 -0.000000 0.000000
7.542472 0.000011 0.000000 0.000000
7.571935 0.000011 0.000000 -0.000000
7.601398 0.000011 0.000000 -0.000000
7.630861 0.000011 0.000000 -0.000000
7.660323 0.000011 0.000000 -0.000000
7.689786 0.000012 0.000000 -0.000000
7.719249 0.000012 0.000000 -0.000000
7.748712 0.000012 0.000000 -0.000000
7.778175 0.000012 -0.000000 -0.000000
7.807637 0.000012 -0.000000 0.000000
7.837100 0.000012 -0.000000 0.000000
7.866563 0.000012 -0.000000 0.000000
7.896026 0.000012 -0.000000 0.000000
7.925489 0.000012 -0.000000 0.000000
7.954951 0.000012 -0.000000 0.000000
7.984414 0.000012 -0.000000 0.000000
8.013877 0.000012 0.000000 0.000000
8.043340 0.000012 0.000000 -0.000000
8.072802 0.000012 0.000000 -0.000000
8.102265 0.000012 0.000000 -0.000000
8.131728 0.000012 0.000000 -0.000000
8.161191 0.000012 0.000000 -0.000000
8.190654 0.000012 -0.000000 -0.000000
8.220116 0.000012 -0.000000 -0.000000
8.249579 0.000012 -0.000000 -0.000000
8.279042 0.000012 -0.000000 0.000000
8.308505 0.000012 -0.000000 0.000000
8.337967 0.000012 -0.000000 0.000000
8.367430 0.000013 -0.000000 0.000000
8.396893 0.000013 -0.000000 -0.000000
8.426356 0.000013 0.000000 -0.000000
8.455819 0.000013 0.000000 -0.000000
8.485281 0.000013 0.000000 -0.000000
8.514744 0.000013 0.000000 -0.000000
8.544207 0.000013 0.000000 0.000000
8.573670 0.000013 0.000000 0.000000
8.603133 0.000013 0.000000 0.000000
8.632595 0.000013 0.000000 0.000000
8.662058 0.000013 0.000000 0.000000
8.691521 0.000013 0.000000 0.000000
8.720984 0.000013 0.000000 0.000000
8.750446 0.000013 0.000000 0.000000
8.779909 0.000013 0.000000 -0.000000
8.809372 0.000013 -0.000000 -0.000000
8.838835 0.000013 -0.000000 -0.000000
8.868298 0.000013 -0.000000 -0.000000
8.897760 0.000013 -0.000000 -0.000000
8.927223 0.000013 -0.000000 0.000000
8.956686 0.000013 -0.000000 0.000000
8.986149 0.000013 -0.000000 0.000000
9.015611 0.000014 -0.000000 0.000000
9.045074 0.000014 -0.000000 0.000000
9.074537 0.000014 -0.000000 0.000000
9.104000 0.000014 -0.000000 0.000000
9.133463 0.000014 -0.000000 0.000000
9.162925 0.000014 0.000000 0.000000
9.192388 0.000014 0.000000 0.000000
9.221851 0.000014 0.000000 0.000000
9.251314 0.000014 0.000000 -0.000000
9.280777 0.000014 0.000000 -0.000000
9.310239 0.000014 0.000000 -0.000000
9.339702 0.000014 0.000000 -0.000000
9.369165 0.000014 0.000000 -0.000000
9.398628 0.000014 -0.000000 0.000000
9.428090 0.000014 -0.000000 0.000000
9.457553 0.000014 -0.000000 0.000000
9.487016 0.000014 -0.000000 0.000000
9.516479 0.000014 -0.000000 0.000000
9.545942 0.000014 -0.000000 0.000000
9.575404 0.000014 -0.000000 -0.000000
9.604867 0.000014 -0.000000 -0.000000
9.634330 0.000014 -0.000000 -0.000000
9.663793 0.000014 -0.000000 -0.000000
9.693255 0.000015 -0.000000 -0.000000
9.722718 0.000015 -0.000000 -0.000000
9.752181 0.000015 -0.000000 -0.000000
9.781644 0.000015 -0.000000 -0.000000
9.811107 0.000015 -0.000000 -0.000000
9.840569 0.000015 -0.000000 -0.000000
9.870032 0.000015 -0.000000 -0.000000
9.899495 0.000015 0.000000 0.000000
9.928958 0.000015 0.000000 0.000000
9.958421 0.000015 0.000000 0.000000
9.987883 0.000015 0.000000 0.000000
10.017346 0.000015 0.000000 0.000000
